<?xml version="1.0" encoding="UTF-8" ?>
<testsuite errors="0" failures="0" hostname="dosi" name="fr.isen.tetris.SimpleTest" skipped="0" tests="1" time="0.075" timestamp="2024-10-16T11:42:27">
  <properties>
    <property name="ivy.retrieve.pattern.ivy.instance" value="/home/dosi/eclipse-workspace/TetrisAntProj/lib/[artifact]-[revision](-[classifier]).[ext]" />
    <property name="ivy.local.default.ivy.pattern.ivy.instance" value="[organisation]/[module]/[revision]/[type]s/[artifact].[ext]" />
    <property name="java.vendor.url.ivy.instance" value="https://ubuntu.com/" />
    <property name="ivy.project.dir.ivy.instance" value="/home/dosi/eclipse-workspace/TetrisAntProj" />
    <property name="native.encoding" value="UTF-8" />
    <property name="ivy.resolve.default.type.filter" value="*" />
    <property name="java.home" value="/usr/lib/jvm/java-17-openjdk-amd64" />
    <property name="ivy.configurations.ivy.instance" value="*" />
    <property name="ivy.basedir.ivy.instance" value="/home/dosi/eclipse-workspace/TetrisAntProj" />
    <property name="ivy.dep.file.ivy.instance" value="ivy.xml" />
    <property name="test.reports" value="/home/dosi/eclipse-workspace/TetrisAntProj/bin/test-reports" />
    <property name="java.class.path.ivy.instance" value="/opt/ant/lib/ant-launcher.jar:/opt/ant/lib/ant-antlr.jar:/opt/ant/lib/ant-launcher.jar:/opt/ant/lib/ant-apache-xalan2.jar:/opt/ant/lib/ant-apache-resolver.jar:/opt/ant/lib/ant-jmf.jar:/opt/ant/lib/ant-jdepend.jar:/opt/ant/lib/ant-junit.jar:/opt/ant/lib/ivy-2.5.0.jar:/opt/ant/lib/ant-swing.jar:/opt/ant/lib/ant-commons-logging.jar:/opt/ant/lib/ant-jai.jar:/opt/ant/lib/ant.jar:/opt/ant/lib/ant-javamail.jar:/opt/ant/lib/ant-testutil.jar:/opt/ant/lib/ant-apache-regexp.jar:/opt/ant/lib/ant-apache-bcel.jar:/opt/ant/lib/ant-commons-net.jar:/opt/ant/lib/ant-apache-oro.jar:/opt/ant/lib/ant-apache-log4j.jar:/opt/ant/lib/ant-jsch.jar:/opt/ant/lib/ant-netrexx.jar:/opt/ant/lib/ant-junit4.jar:/opt/ant/lib/ant-apache-bsf.jar" />
    <property name="ivy.home" value="/home/dosi/.ivy2" />
    <property name="java.vm.specification.vendor.ivy.instance" value="Oracle Corporation" />
    <property name="ivy.dep.file" value="ivy.xml" />
    <property name="java.vendor.url" value="https://ubuntu.com/" />
    <property name="ivy.local.default.artifact.pattern.ivy.instance" value="[organisation]/[module]/[revision]/[type]s/[artifact].[ext]" />
    <property name="ivy.lib.dir.ivy.instance" value="/home/dosi/eclipse-workspace/TetrisAntProj/lib" />
    <property name="java.version" value="17.0.12" />
    <property name="sun.stdout.encoding" value="UTF-8" />
    <property name="ivy.conf.dir.ivy.instance" value="jar:file:/opt/ant/lib/ivy-2.5.0.jar!/org/apache/ivy/core/settings" />
    <property name="sun.boot.library.path.ivy.instance" value="/usr/lib/jvm/java-17-openjdk-amd64/lib" />
    <property name="ivy.report.output.pattern.ivy.instance" value="[organisation]-[module]-[conf].[ext]" />
    <property name="ivy.module" value="ivy-exemple" />
    <property name="ivy.publish.src.artifacts.pattern.ivy.instance" value="/home/dosi/eclipse-workspace/TetrisAntProj/distrib/[type]s/[artifact]-[revision](-[classifier]).[ext]" />
    <property name="java.vendor.url.bug" value="https://bugs.launchpad.net/ubuntu/+source/openjdk-17" />
    <property name="java.version.date" value="2024-07-16" />
    <property name="sun.management.compiler.ivy.instance" value="HotSpot 64-Bit Tiered Compilers" />
    <property name="ant.project.invoked-targets" value="test" />
    <property name="jdk.debug" value="release" />
    <property name="ivy.local.default.artifact.pattern" value="[organisation]/[module]/[revision]/[type]s/[artifact].[ext]" />
    <property name="os.name.ivy.instance" value="Linux" />
    <property name="ivy.default.ivy.user.dir.ivy.instance" value="/home/dosi/.ivy2" />
    <property name="ivy.default.always.check.exact.revision" value="false" />
    <property name="ivy.default.settings.dir.ivy.instance" value="jar:file:/opt/ant/lib/ivy-2.5.0.jar!/org/apache/ivy/core/settings" />
    <property name="user.name" value="dosi" />
    <property name="sun.io.unicode.encoding" value="UnicodeLittle" />
    <property name="ivy.shared.default.root.ivy.instance" value="/home/dosi/.ivy2/shared" />
    <property name="sun.jnu.encoding" value="UTF-8" />
    <property name="java.runtime.name" value="OpenJDK Runtime Environment" />
    <property name="ant.home.ivy.instance" value="/opt/ant" />
    <property name="file.encoding.ivy.instance" value="UTF-8" />
    <property name="ivy.cache.ttl.default.ivy.instance" value="10s" />
    <property name="java.specification.vendor.ivy.instance" value="Oracle Corporation" />
    <property name="java.vendor.ivy.instance" value="Ubuntu" />
    <property name="java.specification.name" value="Java Platform API Specification" />
    <property name="user.timezone" value="Europe/Paris" />
    <property name="path.separator" value=":" />
    <property name="java.class.version.ivy.instance" value="61.0" />
    <property name="ivy.default.conf.dir" value="jar:file:/opt/ant/lib/ivy-2.5.0.jar!/org/apache/ivy/core/settings" />
    <property name="file.encoding" value="UTF-8" />
    <property name="java.runtime.name.ivy.instance" value="OpenJDK Runtime Environment" />
    <property name="ivy.resolve.default.type.filter.ivy.instance" value="*" />
    <property name="ant.project.default-target" value="compile" />
    <property name="ivy.targets.copied" value="true" />
    <property name="ivy.parents.count" value="0" />
    <property name="sun.java.command" value="org.apache.tools.ant.taskdefs.optional.junit.JUnitTestRunner fr.isen.tetris.SimpleTest skipNonTests=false filtertrace=true haltOnError=false haltOnFailure=true formatter=org.apache.tools.ant.taskdefs.optional.junit.SummaryJUnitResultFormatter showoutput=true outputtoformatters=true logfailedtests=true threadid=0 logtestlistenerevents=false formatter=org.apache.tools.ant.taskdefs.optional.junit.XMLJUnitResultFormatter,/home/dosi/eclipse-workspace/TetrisAntProj/bin/test-results/TEST-fr.isen.tetris.SimpleTest.xml formatter=org.apache.tools.ant.taskdefs.optional.junit.PlainJUnitResultFormatter,/home/dosi/eclipse-workspace/TetrisAntProj/bin/test-results/TEST-fr.isen.tetris.SimpleTest.txt crashfile=/home/dosi/eclipse-workspace/TetrisAntProj/junitvmwatcher1734604458966475931.properties propsfile=/home/dosi/eclipse-workspace/TetrisAntProj/junit2439367341705218288.properties" />
    <property name="ivy.shared.default.artifact.pattern" value="[organisation]/[module]/[revision]/[type]s/[artifact].[ext]" />
    <property name="ant.file" value="/home/dosi/eclipse-workspace/TetrisAntProj/build.xml" />
    <property name="ivy.distrib.dir.ivy.instance" value="/home/dosi/eclipse-workspace/TetrisAntProj/distrib" />
    <property name="ivy.checksums.ivy.instance" value="sha1,md5" />
    <property name="ant.file.Compilation de Tetris" value="/home/dosi/eclipse-workspace/TetrisAntProj/build.xml" />
    <property name="sun.arch.data.model.ivy.instance" value="64" />
    <property name="ivy.build.artifacts.dir.ivy.instance" value="/home/dosi/eclipse-workspace/TetrisAntProj/build/artifacts" />
    <property name="ivy.settings.file" value="ivysettings.xml" />
    <property name="java.io.tmpdir" value="/tmp" />
    <property name="ivy.buildlist.ivyfilepath.ivy.instance" value="ivy.xml" />
    <property name="bin" value="/home/dosi/eclipse-workspace/TetrisAntProj/bin" />
    <property name="ivy.cache.ttl.default" value="10s" />
    <property name="user.language" value="en" />
    <property name="user.dir.ivy.instance" value="/home/dosi/eclipse-workspace/TetrisAntProj" />
    <property name="ivy.home.ivy.instance" value="/home/dosi/.ivy2" />
    <property name="line.separator" value="&#xa;" />
    <property name="java.specification.version.ivy.instance" value="17" />
    <property name="ant.file.type" value="file" />
    <property name="ivy.build.artifacts.dir" value="/home/dosi/eclipse-workspace/TetrisAntProj/build/artifacts" />
    <property name="ivy.settings.dir.url" value="jar:file:/opt/ant/lib/ivy-2.5.0.jar!/org/apache/ivy/core/settings" />
    <property name="sun.io.unicode.encoding.ivy.instance" value="UnicodeLittle" />
    <property name="ivy.status" value="integration" />
    <property name="java.vm.info" value="mixed mode, sharing" />
    <property name="ivy.lib.dir" value="/home/dosi/eclipse-workspace/TetrisAntProj/lib" />
    <property name="java.vm.specification.name" value="Java Virtual Machine Specification" />
    <property name="version" value="1.0" />
    <property name="ivy.default.conf.dir.ivy.instance" value="jar:file:/opt/ant/lib/ivy-2.5.0.jar!/org/apache/ivy/core/settings" />
    <property name="java.vm.compressedOopsMode.ivy.instance" value="Zero based" />
    <property name="java.vm.version.ivy.instance" value="17.0.12+7-Ubuntu-1ubuntu222.04" />
    <property name="compile.classpath" value="&#xa;        /home/dosi/eclipse-workspace/TetrisAntProj/lib/commons-lang3-jar-3.5.jar&#xa;    " />
    <property name="user.name.ivy.instance" value="dosi" />
    <property name="ivy.cache.dir" value="/home/dosi/.ivy2/cache" />
    <property name="test.results.dir" value="/home/dosi/eclipse-workspace/TetrisAntProj/bin/test-results" />
    <property name="java.io.tmpdir.ivy.instance" value="/tmp" />
    <property name="java.home.ivy.instance" value="/usr/lib/jvm/java-17-openjdk-amd64" />
    <property name="ant.version" value="Apache Ant(TM) version 1.9.6 compiled on June 29 2015" />
    <property name="java.vm.vendor.ivy.instance" value="Ubuntu" />
    <property name="ivy.default.settings.dir" value="jar:file:/opt/ant/lib/ivy-2.5.0.jar!/org/apache/ivy/core/settings" />
    <property name="ivy.configurations" value="*" />
    <property name="ivy.settings.url" value="jar:file:/opt/ant/lib/ivy-2.5.0.jar!/org/apache/ivy/core/settings/ivysettings.xml" />
    <property name="os.name" value="Linux" />
    <property name="java.specification.vendor" value="Oracle Corporation" />
    <property name="sun.jnu.encoding.ivy.instance" value="UTF-8" />
    <property name="ivy.deliver.ivy.pattern.ivy.instance" value="/home/dosi/eclipse-workspace/TetrisAntProj/distrib/[type]s/[artifact]-[revision](-[classifier]).[ext]" />
    <property name="ivy.checksums" value="sha1,md5" />
    <property name="java.vm.name" value="OpenJDK 64-Bit Server VM" />
    <property name="ivy.log.modules.in.use" value="false" />
    <property name="java.runtime.version.ivy.instance" value="17.0.12+7-Ubuntu-1ubuntu222.04" />
    <property name="ivy.report.output.pattern" value="[organisation]-[module]-[conf].[ext]" />
    <property name="ivy.version" value="2.5.0" />
    <property name="ivy.conf.url" value="jar:file:/opt/ant/lib/ivy-2.5.0.jar!/org/apache/ivy/core/settings/ivysettings.xml" />
    <property name="java.library.path" value="/usr/java/packages/lib:/usr/lib/x86_64-linux-gnu/jni:/lib/x86_64-linux-gnu:/usr/lib/x86_64-linux-gnu:/usr/lib/jni:/lib:/usr/lib" />
    <property name="java.vm.name.ivy.instance" value="OpenJDK 64-Bit Server VM" />
    <property name="os.version.ivy.instance" value="6.8.0-45-generic" />
    <property name="line.separator.ivy.instance" value="&#xa;" />
    <property name="ant.java.version" value="1.9" />
    <property name="sun.cpu.endian.ivy.instance" value="little" />
    <property name="java.vm.specification.name.ivy.instance" value="Java Virtual Machine Specification" />
    <property name="basedir" value="/home/dosi/eclipse-workspace/TetrisAntProj" />
    <property name="java.class.version" value="61.0" />
    <property name="ivy.settings.url.ivy.instance" value="jar:file:/opt/ant/lib/ivy-2.5.0.jar!/org/apache/ivy/core/settings/ivysettings.xml" />
    <property name="path.separator.ivy.instance" value=":" />
    <property name="ant.home" value="/opt/ant" />
    <property name="native.encoding.ivy.instance" value="UTF-8" />
    <property name="ivy.resolved.configurations" value="default" />
    <property name="jdk.debug.ivy.instance" value="release" />
    <property name="ivy.deliver.ivy.pattern" value="/home/dosi/eclipse-workspace/TetrisAntProj/distrib/[type]s/[artifact]-[revision](-[classifier]).[ext]" />
    <property name="sun.boot.library.path" value="/usr/lib/jvm/java-17-openjdk-amd64/lib" />
    <property name="java.library.path.ivy.instance" value="/usr/java/packages/lib:/usr/lib/x86_64-linux-gnu/jni:/lib/x86_64-linux-gnu:/usr/lib/x86_64-linux-gnu:/usr/lib/jni:/lib:/usr/lib" />
    <property name="ivy.default.always.check.exact.revision.ivy.instance" value="false" />
    <property name="ivy.basedir" value="/home/dosi/eclipse-workspace/TetrisAntProj" />
    <property name="sun.management.compiler" value="HotSpot 64-Bit Tiered Compilers" />
    <property name="ivy.log.modules.in.use.ivy.instance" value="false" />
    <property name="main-class" value="fr.ubo.tetris.Tetris" />
    <property name="ivy.settings.dir.url.ivy.instance" value="jar:file:/opt/ant/lib/ivy-2.5.0.jar!/org/apache/ivy/core/settings" />
    <property name="ivy.resolver.default.check.modified" value="false" />
    <property name="ivy.shared.default.ivy.pattern" value="[organisation]/[module]/[revision]/[type]s/[artifact].[ext]" />
    <property name="ivy.settings.file.ivy.instance" value="ivysettings.xml" />
    <property name="ivy.nb.targets.copied" value="7" />
    <property name="ant.project.name" value="Compilation de Tetris" />
    <property name="java.vm.specification.version" value="17" />
    <property name="ivy.cache.dir.ivy.instance" value="/home/dosi/.ivy2/cache" />
    <property name="libs" value="/home/dosi/eclipse-workspace/TetrisAntProj/lib" />
    <property name="ivy.status.ivy.instance" value="integration" />
    <property name="ant.file.type.Compilation de Tetris" value="file" />
    <property name="sun.stderr.encoding" value="UTF-8" />
    <property name="file.separator.ivy.instance" value="/" />
    <property name="java.vm.compressedOopsMode" value="Zero based" />
    <property name="ivy.local.default.root.ivy.instance" value="/home/dosi/.ivy2/local" />
    <property name="ivy.deps.changed" value="false" />
    <property name="os.version" value="6.8.0-45-generic" />
    <property name="user.home" value="/home/dosi" />
    <property name="sun.java.launcher.ivy.instance" value="SUN_STANDARD" />
    <property name="java.vm.vendor" value="Ubuntu" />
    <property name="ivy.local.default.root" value="/home/dosi/.ivy2/local" />
    <property name="ivy.organisation" value="fr.ubo" />
    <property name="user.dir" value="/home/dosi/eclipse-workspace/TetrisAntProj" />
    <property name="java.version.date.ivy.instance" value="2024-07-16" />
    <property name="ant.library.dir.ivy.instance" value="/opt/ant/lib" />
    <property name="ivy.local.default.ivy.pattern" value="[organisation]/[module]/[revision]/[type]s/[artifact].[ext]" />
    <property name="ivy.shared.default.ivy.pattern.ivy.instance" value="[organisation]/[module]/[revision]/[type]s/[artifact].[ext]" />
    <property name="ivy.publish.src.artifacts.pattern" value="/home/dosi/eclipse-workspace/TetrisAntProj/distrib/[type]s/[artifact]-[revision](-[classifier]).[ext]" />
    <property name="java.vm.info.ivy.instance" value="mixed mode, sharing" />
    <property name="sun.java.command.ivy.instance" value="org.apache.tools.ant.launch.Launcher -cp  test" />
    <property name="ivy.distrib.dir" value="/home/dosi/eclipse-workspace/TetrisAntProj/distrib" />
    <property name="sun.cpu.endian" value="little" />
    <property name="ivy.revision" value="working@dosi" />
    <property name="user.timezone.ivy.instance" value="Europe/Paris" />
    <property name="java.vm.version" value="17.0.12+7-Ubuntu-1ubuntu222.04" />
    <property name="java.class.path" value="/home/dosi/eclipse-workspace/TetrisAntProj/bin/test:/home/dosi/eclipse-workspace/TetrisAntProj/bin:/home/dosi/eclipse-workspace/TetrisAntProj/lib/hamcrest-core-jar-1.3.jar:/home/dosi/eclipse-workspace/TetrisAntProj/lib/junit-jar-4.12.jar:/opt/ant/lib/ant-launcher.jar:/opt/ant/lib/ant.jar:/opt/ant/lib/ant-junit.jar:/opt/ant/lib/ant-junit4.jar" />
    <property name="ivy.default.ivy.user.dir" value="/home/dosi/.ivy2" />
    <property name="sun.stderr.encoding.ivy.instance" value="UTF-8" />
    <property name="user.home.ivy.instance" value="/home/dosi" />
    <property name="basedir.ivy.instance" value="/home/dosi/eclipse-workspace/TetrisAntProj" />
    <property name="ant.library.dir" value="/opt/ant/lib" />
    <property name="os.arch" value="amd64" />
    <property name="java.vendor.url.bug.ivy.instance" value="https://bugs.launchpad.net/ubuntu/+source/openjdk-17" />
    <property name="java.vm.specification.version.ivy.instance" value="17" />
    <property name="sun.java.launcher" value="SUN_STANDARD" />
    <property name="ivy.settings.dir.ivy.instance" value="jar:file:/opt/ant/lib/ivy-2.5.0.jar!/org/apache/ivy/core/settings" />
    <property name="ant.core.lib" value="/opt/ant/lib/ant.jar" />
    <property name="ivy.resolver.default.check.modified.ivy.instance" value="false" />
    <property name="ivy.settings.dir" value="jar:file:/opt/ant/lib/ivy-2.5.0.jar!/org/apache/ivy/core/settings" />
    <property name="java.vm.specification.vendor" value="Oracle Corporation" />
    <property name="user.language.ivy.instance" value="en" />
    <property name="file.separator" value="/" />
    <property name="ivy.shared.default.artifact.pattern.ivy.instance" value="[organisation]/[module]/[revision]/[type]s/[artifact].[ext]" />
    <property name="user.country.ivy.instance" value="US" />
    <property name="ivy.conf.url.ivy.instance" value="jar:file:/opt/ant/lib/ivy-2.5.0.jar!/org/apache/ivy/core/settings/ivysettings.xml" />
    <property name="java.specification.name.ivy.instance" value="Java Platform API Specification" />
    <property name="java.runtime.version" value="17.0.12+7-Ubuntu-1ubuntu222.04" />
    <property name="docs.dir" value="/home/dosi/eclipse-workspace/TetrisAntProj/javadoc" />
    <property name="ivy.conf.dir" value="jar:file:/opt/ant/lib/ivy-2.5.0.jar!/org/apache/ivy/core/settings" />
    <property name="ivy.retrieve.pattern" value="/home/dosi/eclipse-workspace/TetrisAntProj/lib/[artifact]-[revision](-[classifier]).[ext]" />
    <property name="user.country" value="US" />
    <property name="ivy.shared.default.root" value="/home/dosi/.ivy2/shared" />
    <property name="java.version.ivy.instance" value="17.0.12" />
    <property name="ivy.resolved.file" value="/home/dosi/eclipse-workspace/TetrisAntProj/ivy.xml" />
    <property name="sun.stdout.encoding.ivy.instance" value="UTF-8" />
    <property name="src" value="/home/dosi/eclipse-workspace/TetrisAntProj/src" />
    <property name="os.arch.ivy.instance" value="amd64" />
    <property name="java.vendor" value="Ubuntu" />
    <property name="ivy.project.dir" value="/home/dosi/eclipse-workspace/TetrisAntProj" />
    <property name="java.specification.version" value="17" />
    <property name="ivy.buildlist.ivyfilepath" value="ivy.xml" />
    <property name="sun.arch.data.model" value="64" />
  </properties>
  <testcase classname="fr.isen.tetris.SimpleTest" name="testAddition" time="0.0" />
  <system-out><![CDATA[]]></system-out>
  <system-err><![CDATA[]]></system-err>
</testsuite>
